running develop
running egg_info
creating ros2_shortcut_bringup.egg-info
writing ros2_shortcut_bringup.egg-info/PKG-INFO
writing dependency_links to ros2_shortcut_bringup.egg-info/dependency_links.txt
writing requirements to ros2_shortcut_bringup.egg-info/requires.txt
writing top-level names to ros2_shortcut_bringup.egg-info/top_level.txt
writing manifest file 'ros2_shortcut_bringup.egg-info/SOURCES.txt'
reading manifest file 'ros2_shortcut_bringup.egg-info/SOURCES.txt'
writing manifest file 'ros2_shortcut_bringup.egg-info/SOURCES.txt'
running build_ext
Creating /home/rokmc/ros2_shortcut/install/ros2_shortcut_bringup/lib/python3.12/site-packages/ros2-shortcut-bringup.egg-link (link to .)

Installed /home/rokmc/ros2_shortcut/build/ros2_shortcut_bringup
running symlink_data
creating /home/rokmc/ros2_shortcut/install/ros2_shortcut_bringup/share/ament_index
creating /home/rokmc/ros2_shortcut/install/ros2_shortcut_bringup/share/ament_index/resource_index
creating /home/rokmc/ros2_shortcut/install/ros2_shortcut_bringup/share/ament_index/resource_index/packages
symbolically linking /home/rokmc/ros2_shortcut/build/ros2_shortcut_bringup/resource/ros2_shortcut_bringup -> /home/rokmc/ros2_shortcut/install/ros2_shortcut_bringup/share/ament_index/resource_index/packages
symbolically linking /home/rokmc/ros2_shortcut/build/ros2_shortcut_bringup/package.xml -> /home/rokmc/ros2_shortcut/install/ros2_shortcut_bringup/share/ros2_shortcut_bringup
creating /home/rokmc/ros2_shortcut/install/ros2_shortcut_bringup/share/ros2_shortcut_bringup/launch
symbolically linking /home/rokmc/ros2_shortcut/build/ros2_shortcut_bringup/launch/foxglove_bridge.launch.py -> /home/rokmc/ros2_shortcut/install/ros2_shortcut_bringup/share/ros2_shortcut_bringup/launch
creating /home/rokmc/ros2_shortcut/install/ros2_shortcut_bringup/share/ros2_shortcut_bringup/config
symbolically linking /home/rokmc/ros2_shortcut/build/ros2_shortcut_bringup/config/foxglove_bridge.yaml -> /home/rokmc/ros2_shortcut/install/ros2_shortcut_bringup/share/ros2_shortcut_bringup/config
