[0.088s] DEBUG:colcon:Command line arguments: ['/usr/bin/colcon', 'build', '--symlink-install']
[0.088s] DEBUG:colcon:Parsed command line arguments: Namespace(log_base=None, log_level=None, verb_name='build', build_base='build', install_base='install', merge_install=False, symlink_install=True, test_result_base=None, continue_on_error=False, executor='parallel', parallel_workers=16, event_handlers=None, ignore_user_meta=False, metas=['./colcon.meta'], base_paths=['.'], packages_ignore=None, packages_ignore_regex=None, paths=None, packages_up_to=None, packages_up_to_regex=None, packages_above=None, packages_above_and_dependencies=None, packages_above_depth=None, packages_select_by_dep=None, packages_skip_by_dep=None, packages_skip_up_to=None, packages_select_build_failed=False, packages_skip_build_finished=False, packages_select_test_failures=False, packages_skip_test_passed=False, packages_select=None, packages_skip=None, packages_select_regex=None, packages_skip_regex=None, packages_start=None, packages_end=None, allow_overriding=[], cmake_args=None, cmake_target=None, cmake_target_skip_unavailable=False, cmake_clean_cache=False, cmake_clean_first=False, cmake_force_configure=False, ament_cmake_args=None, catkin_cmake_args=None, catkin_skip_building_tests=False, mixin_files=None, mixin=None, verb_parser=<colcon_mixin.mixin.mixin_argument.MixinArgumentDecorator object at 0x77442435e2a0>, verb_extension=<colcon_core.verb.build.BuildVerb object at 0x77442435dca0>, main=<bound method BuildVerb.main of <colcon_core.verb.build.BuildVerb object at 0x77442435dca0>>, mixin_verb=('build',))
[0.118s] Level 1:colcon.colcon_core.package_discovery:discover_packages(colcon_meta) check parameters
[0.119s] Level 1:colcon.colcon_core.package_discovery:discover_packages(recursive) check parameters
[0.119s] Level 1:colcon.colcon_core.package_discovery:discover_packages(ignore) check parameters
[0.119s] Level 1:colcon.colcon_core.package_discovery:discover_packages(path) check parameters
[0.119s] Level 1:colcon.colcon_core.package_discovery:discover_packages(colcon_meta) discover
[0.119s] Level 1:colcon.colcon_core.package_discovery:discover_packages(recursive) discover
[0.119s] INFO:colcon.colcon_core.package_discovery:Crawling recursively for packages in '/home/rokmc/ros2_shortcut'
[0.119s] Level 1:colcon.colcon_core.package_identification:_identify(.) by extensions ['ignore', 'ignore_ament_install']
[0.119s] Level 1:colcon.colcon_core.package_identification:_identify(.) by extension 'ignore'
[0.119s] Level 1:colcon.colcon_core.package_identification:_identify(.) by extension 'ignore_ament_install'
[0.119s] Level 1:colcon.colcon_core.package_identification:_identify(.) by extensions ['colcon_pkg']
[0.119s] Level 1:colcon.colcon_core.package_identification:_identify(.) by extension 'colcon_pkg'
[0.119s] Level 1:colcon.colcon_core.package_identification:_identify(.) by extensions ['colcon_meta']
[0.119s] Level 1:colcon.colcon_core.package_identification:_identify(.) by extension 'colcon_meta'
[0.119s] Level 1:colcon.colcon_core.package_identification:_identify(.) by extensions ['ros']
[0.119s] Level 1:colcon.colcon_core.package_identification:_identify(.) by extension 'ros'
[0.140s] Level 1:colcon.colcon_core.package_identification:_identify(.) by extensions ['cmake', 'python']
[0.140s] Level 1:colcon.colcon_core.package_identification:_identify(.) by extension 'cmake'
[0.140s] Level 1:colcon.colcon_core.package_identification:_identify(.) by extension 'python'
[0.140s] Level 1:colcon.colcon_core.package_identification:_identify(.) by extensions ['python_setup_py']
[0.140s] Level 1:colcon.colcon_core.package_identification:_identify(.) by extension 'python_setup_py'
[0.140s] Level 1:colcon.colcon_core.package_identification:_identify(build) by extensions ['ignore', 'ignore_ament_install']
[0.140s] Level 1:colcon.colcon_core.package_identification:_identify(build) by extension 'ignore'
[0.140s] Level 1:colcon.colcon_core.package_identification:_identify(build) ignored
[0.140s] Level 1:colcon.colcon_core.package_identification:_identify(docs) by extensions ['ignore', 'ignore_ament_install']
[0.140s] Level 1:colcon.colcon_core.package_identification:_identify(docs) by extension 'ignore'
[0.140s] Level 1:colcon.colcon_core.package_identification:_identify(docs) by extension 'ignore_ament_install'
[0.141s] Level 1:colcon.colcon_core.package_identification:_identify(docs) by extensions ['colcon_pkg']
[0.141s] Level 1:colcon.colcon_core.package_identification:_identify(docs) by extension 'colcon_pkg'
[0.141s] Level 1:colcon.colcon_core.package_identification:_identify(docs) by extensions ['colcon_meta']
[0.141s] Level 1:colcon.colcon_core.package_identification:_identify(docs) by extension 'colcon_meta'
[0.141s] Level 1:colcon.colcon_core.package_identification:_identify(docs) by extensions ['ros']
[0.141s] Level 1:colcon.colcon_core.package_identification:_identify(docs) by extension 'ros'
[0.141s] Level 1:colcon.colcon_core.package_identification:_identify(docs) by extensions ['cmake', 'python']
[0.141s] Level 1:colcon.colcon_core.package_identification:_identify(docs) by extension 'cmake'
[0.141s] Level 1:colcon.colcon_core.package_identification:_identify(docs) by extension 'python'
[0.141s] Level 1:colcon.colcon_core.package_identification:_identify(docs) by extensions ['python_setup_py']
[0.141s] Level 1:colcon.colcon_core.package_identification:_identify(docs) by extension 'python_setup_py'
[0.141s] Level 1:colcon.colcon_core.package_identification:_identify(install) by extensions ['ignore', 'ignore_ament_install']
[0.141s] Level 1:colcon.colcon_core.package_identification:_identify(install) by extension 'ignore'
[0.141s] Level 1:colcon.colcon_core.package_identification:_identify(install) ignored
[0.141s] Level 1:colcon.colcon_core.package_identification:_identify(log) by extensions ['ignore', 'ignore_ament_install']
[0.141s] Level 1:colcon.colcon_core.package_identification:_identify(log) by extension 'ignore'
[0.141s] Level 1:colcon.colcon_core.package_identification:_identify(log) ignored
[0.141s] Level 1:colcon.colcon_core.package_identification:_identify(ros2_shortcut_bringup) by extensions ['ignore', 'ignore_ament_install']
[0.141s] Level 1:colcon.colcon_core.package_identification:_identify(ros2_shortcut_bringup) by extension 'ignore'
[0.141s] Level 1:colcon.colcon_core.package_identification:_identify(ros2_shortcut_bringup) by extension 'ignore_ament_install'
[0.141s] Level 1:colcon.colcon_core.package_identification:_identify(ros2_shortcut_bringup) by extensions ['colcon_pkg']
[0.141s] Level 1:colcon.colcon_core.package_identification:_identify(ros2_shortcut_bringup) by extension 'colcon_pkg'
[0.141s] Level 1:colcon.colcon_core.package_identification:_identify(ros2_shortcut_bringup) by extensions ['colcon_meta']
[0.141s] Level 1:colcon.colcon_core.package_identification:_identify(ros2_shortcut_bringup) by extension 'colcon_meta'
[0.141s] Level 1:colcon.colcon_core.package_identification:_identify(ros2_shortcut_bringup) by extensions ['ros']
[0.141s] Level 1:colcon.colcon_core.package_identification:_identify(ros2_shortcut_bringup) by extension 'ros'
[0.143s] DEBUG:colcon.colcon_core.package_identification:Package 'ros2_shortcut_bringup' with type 'ros.ament_python' and name 'ros2_shortcut_bringup'
[0.143s] Level 1:colcon.colcon_core.package_identification:_identify(ros2sc_web) by extensions ['ignore', 'ignore_ament_install']
[0.143s] Level 1:colcon.colcon_core.package_identification:_identify(ros2sc_web) by extension 'ignore'
[0.143s] Level 1:colcon.colcon_core.package_identification:_identify(ros2sc_web) by extension 'ignore_ament_install'
[0.144s] Level 1:colcon.colcon_core.package_identification:_identify(ros2sc_web) by extensions ['colcon_pkg']
[0.144s] Level 1:colcon.colcon_core.package_identification:_identify(ros2sc_web) by extension 'colcon_pkg'
[0.144s] Level 1:colcon.colcon_core.package_identification:_identify(ros2sc_web) by extensions ['colcon_meta']
[0.144s] Level 1:colcon.colcon_core.package_identification:_identify(ros2sc_web) by extension 'colcon_meta'
[0.144s] Level 1:colcon.colcon_core.package_identification:_identify(ros2sc_web) by extensions ['ros']
[0.144s] Level 1:colcon.colcon_core.package_identification:_identify(ros2sc_web) by extension 'ros'
[0.144s] DEBUG:colcon.colcon_core.package_identification:Package 'ros2sc_web' with type 'ros.ament_python' and name 'ros2sc_web'
[0.144s] Level 1:colcon.colcon_core.package_discovery:discover_packages(recursive) using defaults
[0.144s] Level 1:colcon.colcon_core.package_discovery:discover_packages(ignore) discover
[0.144s] Level 1:colcon.colcon_core.package_discovery:discover_packages(ignore) using defaults
[0.144s] Level 1:colcon.colcon_core.package_discovery:discover_packages(path) discover
[0.144s] Level 1:colcon.colcon_core.package_discovery:discover_packages(path) using defaults
[0.158s] Level 1:colcon.colcon_core.package_discovery:discover_packages(prefix_path) check parameters
[0.158s] Level 1:colcon.colcon_core.package_discovery:discover_packages(prefix_path) discover
[0.160s] DEBUG:colcon.colcon_installed_package_information.package_discovery:Found 1 installed packages in /home/rokmc/ros2_shortcut/install
[0.162s] DEBUG:colcon.colcon_installed_package_information.package_discovery:Found 437 installed packages in /opt/ros/jazzy
[0.164s] Level 1:colcon.colcon_core.package_discovery:discover_packages(prefix_path) using defaults
[0.208s] Level 5:colcon.colcon_core.verb:set package 'ros2_shortcut_bringup' build argument 'cmake_args' from command line to 'None'
[0.208s] Level 5:colcon.colcon_core.verb:set package 'ros2_shortcut_bringup' build argument 'cmake_target' from command line to 'None'
[0.208s] Level 5:colcon.colcon_core.verb:set package 'ros2_shortcut_bringup' build argument 'cmake_target_skip_unavailable' from command line to 'False'
[0.208s] Level 5:colcon.colcon_core.verb:set package 'ros2_shortcut_bringup' build argument 'cmake_clean_cache' from command line to 'False'
[0.208s] Level 5:colcon.colcon_core.verb:set package 'ros2_shortcut_bringup' build argument 'cmake_clean_first' from command line to 'False'
[0.208s] Level 5:colcon.colcon_core.verb:set package 'ros2_shortcut_bringup' build argument 'cmake_force_configure' from command line to 'False'
[0.208s] Level 5:colcon.colcon_core.verb:set package 'ros2_shortcut_bringup' build argument 'ament_cmake_args' from command line to 'None'
[0.208s] Level 5:colcon.colcon_core.verb:set package 'ros2_shortcut_bringup' build argument 'catkin_cmake_args' from command line to 'None'
[0.208s] Level 5:colcon.colcon_core.verb:set package 'ros2_shortcut_bringup' build argument 'catkin_skip_building_tests' from command line to 'False'
[0.209s] DEBUG:colcon.colcon_core.verb:Building package 'ros2_shortcut_bringup' with the following arguments: {'ament_cmake_args': None, 'build_base': '/home/rokmc/ros2_shortcut/build/ros2_shortcut_bringup', 'catkin_cmake_args': None, 'catkin_skip_building_tests': False, 'cmake_args': None, 'cmake_clean_cache': False, 'cmake_clean_first': False, 'cmake_force_configure': False, 'cmake_target': None, 'cmake_target_skip_unavailable': False, 'install_base': '/home/rokmc/ros2_shortcut/install/ros2_shortcut_bringup', 'merge_install': False, 'path': '/home/rokmc/ros2_shortcut/ros2_shortcut_bringup', 'symlink_install': True, 'test_result_base': None}
[0.209s] Level 5:colcon.colcon_core.verb:set package 'ros2sc_web' build argument 'cmake_args' from command line to 'None'
[0.209s] Level 5:colcon.colcon_core.verb:set package 'ros2sc_web' build argument 'cmake_target' from command line to 'None'
[0.209s] Level 5:colcon.colcon_core.verb:set package 'ros2sc_web' build argument 'cmake_target_skip_unavailable' from command line to 'False'
[0.209s] Level 5:colcon.colcon_core.verb:set package 'ros2sc_web' build argument 'cmake_clean_cache' from command line to 'False'
[0.209s] Level 5:colcon.colcon_core.verb:set package 'ros2sc_web' build argument 'cmake_clean_first' from command line to 'False'
[0.209s] Level 5:colcon.colcon_core.verb:set package 'ros2sc_web' build argument 'cmake_force_configure' from command line to 'False'
[0.209s] Level 5:colcon.colcon_core.verb:set package 'ros2sc_web' build argument 'ament_cmake_args' from command line to 'None'
[0.209s] Level 5:colcon.colcon_core.verb:set package 'ros2sc_web' build argument 'catkin_cmake_args' from command line to 'None'
[0.209s] Level 5:colcon.colcon_core.verb:set package 'ros2sc_web' build argument 'catkin_skip_building_tests' from command line to 'False'
[0.209s] DEBUG:colcon.colcon_core.verb:Building package 'ros2sc_web' with the following arguments: {'ament_cmake_args': None, 'build_base': '/home/rokmc/ros2_shortcut/build/ros2sc_web', 'catkin_cmake_args': None, 'catkin_skip_building_tests': False, 'cmake_args': None, 'cmake_clean_cache': False, 'cmake_clean_first': False, 'cmake_force_configure': False, 'cmake_target': None, 'cmake_target_skip_unavailable': False, 'install_base': '/home/rokmc/ros2_shortcut/install/ros2sc_web', 'merge_install': False, 'path': '/home/rokmc/ros2_shortcut/ros2sc_web', 'symlink_install': True, 'test_result_base': None}
[0.209s] INFO:colcon.colcon_core.executor:Executing jobs using 'parallel' executor
[0.210s] DEBUG:colcon.colcon_parallel_executor.executor.parallel:run_until_complete
[0.210s] INFO:colcon.colcon_ros.task.ament_python.build:Building ROS package in '/home/rokmc/ros2_shortcut/ros2_shortcut_bringup' with build type 'ament_python'
[0.210s] Level 1:colcon.colcon_core.shell:create_environment_hook('ros2_shortcut_bringup', 'ament_prefix_path')
[0.212s] INFO:colcon.colcon_core.plugin_system:Skipping extension 'colcon_core.shell.bat': Not used on non-Windows systems
[0.212s] INFO:colcon.colcon_core.shell:Creating environment hook '/home/rokmc/ros2_shortcut/install/ros2_shortcut_bringup/share/ros2_shortcut_bringup/hook/ament_prefix_path.ps1'
[0.213s] INFO:colcon.colcon_core.shell:Creating environment descriptor '/home/rokmc/ros2_shortcut/install/ros2_shortcut_bringup/share/ros2_shortcut_bringup/hook/ament_prefix_path.dsv'
[0.213s] INFO:colcon.colcon_core.shell:Creating environment hook '/home/rokmc/ros2_shortcut/install/ros2_shortcut_bringup/share/ros2_shortcut_bringup/hook/ament_prefix_path.sh'
[0.213s] INFO:colcon.colcon_core.shell:Skip shell extension 'powershell' for command environment: Not usable outside of PowerShell
[0.213s] DEBUG:colcon.colcon_core.shell:Skip shell extension 'dsv' for command environment
[0.216s] INFO:colcon.colcon_ros.task.ament_python.build:Building ROS package in '/home/rokmc/ros2_shortcut/ros2sc_web' with build type 'ament_python'
[0.216s] Level 1:colcon.colcon_core.shell:create_environment_hook('ros2sc_web', 'ament_prefix_path')
[0.216s] INFO:colcon.colcon_core.shell:Creating environment hook '/home/rokmc/ros2_shortcut/install/ros2sc_web/share/ros2sc_web/hook/ament_prefix_path.ps1'
[0.217s] INFO:colcon.colcon_core.shell:Creating environment descriptor '/home/rokmc/ros2_shortcut/install/ros2sc_web/share/ros2sc_web/hook/ament_prefix_path.dsv'
[0.217s] INFO:colcon.colcon_core.shell:Creating environment hook '/home/rokmc/ros2_shortcut/install/ros2sc_web/share/ros2sc_web/hook/ament_prefix_path.sh'
[0.217s] INFO:colcon.colcon_core.shell:Skip shell extension 'powershell' for command environment: Not usable outside of PowerShell
[0.217s] DEBUG:colcon.colcon_core.shell:Skip shell extension 'dsv' for command environment
[0.418s] INFO:colcon.colcon_core.task.python.build:Building Python package in '/home/rokmc/ros2_shortcut/ros2_shortcut_bringup'
[0.419s] INFO:colcon.colcon_core.shell:Skip shell extension 'powershell' for command environment: Not usable outside of PowerShell
[0.419s] DEBUG:colcon.colcon_core.shell:Skip shell extension 'dsv' for command environment
[0.614s] INFO:colcon.colcon_core.task.python.build:Building Python package in '/home/rokmc/ros2_shortcut/ros2sc_web'
[0.614s] INFO:colcon.colcon_core.shell:Skip shell extension 'powershell' for command environment: Not usable outside of PowerShell
[0.614s] DEBUG:colcon.colcon_core.shell:Skip shell extension 'dsv' for command environment
[1.218s] DEBUG:colcon.colcon_core.event_handler.log_command:Invoking command in '/home/rokmc/ros2_shortcut/build/ros2_shortcut_bringup': DEBUGINFOD_URLS=https://debuginfod.ubuntu.com PYTHONPATH=/home/rokmc/ros2_shortcut/build/ros2_shortcut_bringup/prefix_override:/usr/lib/python3/dist-packages/colcon_core/task/python/colcon_distutils_commands:/home/rokmc/ros2_shortcut/install/ros2_shortcut_bringup/lib/python3.12/site-packages:${PYTHONPATH} /usr/bin/python3 -W ignore:setup.py install is deprecated -W ignore:easy_install command is deprecated setup.py develop --editable --build-directory /home/rokmc/ros2_shortcut/build/ros2_shortcut_bringup/build --no-deps symlink_data
[1.243s] DEBUG:colcon.colcon_core.event_handler.log_command:Invoking command in '/home/rokmc/ros2_shortcut/build/ros2sc_web': DEBUGINFOD_URLS=https://debuginfod.ubuntu.com PYTHONPATH=/home/rokmc/ros2_shortcut/build/ros2sc_web/prefix_override:/usr/lib/python3/dist-packages/colcon_core/task/python/colcon_distutils_commands:/home/rokmc/ros2_shortcut/install/ros2sc_web/lib/python3.12/site-packages:${PYTHONPATH} /usr/bin/python3 -W ignore:setup.py install is deprecated -W ignore:easy_install command is deprecated setup.py develop --editable --build-directory /home/rokmc/ros2_shortcut/build/ros2sc_web/build --no-deps symlink_data
[1.868s] Level 1:colcon.colcon_core.shell:create_environment_hook('ros2_shortcut_bringup', 'pythonpath_develop')
[1.868s] INFO:colcon.colcon_core.shell:Creating environment hook '/home/rokmc/ros2_shortcut/build/ros2_shortcut_bringup/share/ros2_shortcut_bringup/hook/pythonpath_develop.ps1'
[1.868s] DEBUG:colcon.colcon_core.event_handler.log_command:Invoked command in '/home/rokmc/ros2_shortcut/build/ros2_shortcut_bringup' returned '0': DEBUGINFOD_URLS=https://debuginfod.ubuntu.com PYTHONPATH=/home/rokmc/ros2_shortcut/build/ros2_shortcut_bringup/prefix_override:/usr/lib/python3/dist-packages/colcon_core/task/python/colcon_distutils_commands:/home/rokmc/ros2_shortcut/install/ros2_shortcut_bringup/lib/python3.12/site-packages:${PYTHONPATH} /usr/bin/python3 -W ignore:setup.py install is deprecated -W ignore:easy_install command is deprecated setup.py develop --editable --build-directory /home/rokmc/ros2_shortcut/build/ros2_shortcut_bringup/build --no-deps symlink_data
[1.868s] INFO:colcon.colcon_core.shell:Creating environment descriptor '/home/rokmc/ros2_shortcut/build/ros2_shortcut_bringup/share/ros2_shortcut_bringup/hook/pythonpath_develop.dsv'
[1.869s] INFO:colcon.colcon_core.shell:Creating environment hook '/home/rokmc/ros2_shortcut/build/ros2_shortcut_bringup/share/ros2_shortcut_bringup/hook/pythonpath_develop.sh'
[1.871s] Level 1:colcon.colcon_core.environment:checking '/home/rokmc/ros2_shortcut/install/ros2_shortcut_bringup' for CMake module files
[1.871s] Level 1:colcon.colcon_core.environment:checking '/home/rokmc/ros2_shortcut/install/ros2_shortcut_bringup' for CMake config files
[1.871s] Level 1:colcon.colcon_core.environment:checking '/home/rokmc/ros2_shortcut/install/ros2_shortcut_bringup/lib'
[1.872s] Level 1:colcon.colcon_core.environment:checking '/home/rokmc/ros2_shortcut/install/ros2_shortcut_bringup/bin'
[1.872s] Level 1:colcon.colcon_core.environment:checking '/home/rokmc/ros2_shortcut/install/ros2_shortcut_bringup/lib/pkgconfig/ros2_shortcut_bringup.pc'
[1.872s] Level 1:colcon.colcon_core.environment:checking '/home/rokmc/ros2_shortcut/install/ros2_shortcut_bringup/lib/python3.12/site-packages'
[1.872s] Level 1:colcon.colcon_core.shell:create_environment_hook('ros2_shortcut_bringup', 'pythonpath')
[1.872s] INFO:colcon.colcon_core.shell:Creating environment hook '/home/rokmc/ros2_shortcut/install/ros2_shortcut_bringup/share/ros2_shortcut_bringup/hook/pythonpath.ps1'
[1.872s] INFO:colcon.colcon_core.shell:Creating environment descriptor '/home/rokmc/ros2_shortcut/install/ros2_shortcut_bringup/share/ros2_shortcut_bringup/hook/pythonpath.dsv'
[1.873s] INFO:colcon.colcon_core.shell:Creating environment hook '/home/rokmc/ros2_shortcut/install/ros2_shortcut_bringup/share/ros2_shortcut_bringup/hook/pythonpath.sh'
[1.873s] Level 1:colcon.colcon_core.environment:checking '/home/rokmc/ros2_shortcut/install/ros2_shortcut_bringup/bin'
[1.873s] Level 1:colcon.colcon_core.environment:create_environment_scripts_only(ros2_shortcut_bringup)
[1.873s] INFO:colcon.colcon_core.shell:Creating package script '/home/rokmc/ros2_shortcut/install/ros2_shortcut_bringup/share/ros2_shortcut_bringup/package.ps1'
[1.874s] INFO:colcon.colcon_core.shell:Creating package descriptor '/home/rokmc/ros2_shortcut/install/ros2_shortcut_bringup/share/ros2_shortcut_bringup/package.dsv'
[1.874s] INFO:colcon.colcon_core.shell:Creating package script '/home/rokmc/ros2_shortcut/install/ros2_shortcut_bringup/share/ros2_shortcut_bringup/package.sh'
[1.875s] INFO:colcon.colcon_core.shell:Creating package script '/home/rokmc/ros2_shortcut/install/ros2_shortcut_bringup/share/ros2_shortcut_bringup/package.bash'
[1.875s] INFO:colcon.colcon_core.shell:Creating package script '/home/rokmc/ros2_shortcut/install/ros2_shortcut_bringup/share/ros2_shortcut_bringup/package.zsh'
[1.875s] Level 1:colcon.colcon_core.environment:create_file_with_runtime_dependencies(/home/rokmc/ros2_shortcut/install/ros2_shortcut_bringup/share/colcon-core/packages/ros2_shortcut_bringup)
[1.918s] Level 1:colcon.colcon_core.shell:create_environment_hook('ros2sc_web', 'pythonpath_develop')
[1.919s] INFO:colcon.colcon_core.shell:Creating environment hook '/home/rokmc/ros2_shortcut/build/ros2sc_web/share/ros2sc_web/hook/pythonpath_develop.ps1'
[1.919s] DEBUG:colcon.colcon_core.event_handler.log_command:Invoked command in '/home/rokmc/ros2_shortcut/build/ros2sc_web' returned '0': DEBUGINFOD_URLS=https://debuginfod.ubuntu.com PYTHONPATH=/home/rokmc/ros2_shortcut/build/ros2sc_web/prefix_override:/usr/lib/python3/dist-packages/colcon_core/task/python/colcon_distutils_commands:/home/rokmc/ros2_shortcut/install/ros2sc_web/lib/python3.12/site-packages:${PYTHONPATH} /usr/bin/python3 -W ignore:setup.py install is deprecated -W ignore:easy_install command is deprecated setup.py develop --editable --build-directory /home/rokmc/ros2_shortcut/build/ros2sc_web/build --no-deps symlink_data
[1.920s] INFO:colcon.colcon_core.shell:Creating environment descriptor '/home/rokmc/ros2_shortcut/build/ros2sc_web/share/ros2sc_web/hook/pythonpath_develop.dsv'
[1.920s] INFO:colcon.colcon_core.shell:Creating environment hook '/home/rokmc/ros2_shortcut/build/ros2sc_web/share/ros2sc_web/hook/pythonpath_develop.sh'
[1.920s] Level 1:colcon.colcon_core.environment:checking '/home/rokmc/ros2_shortcut/install/ros2sc_web' for CMake module files
[1.921s] Level 1:colcon.colcon_core.environment:checking '/home/rokmc/ros2_shortcut/install/ros2sc_web' for CMake config files
[1.921s] Level 1:colcon.colcon_core.environment:checking '/home/rokmc/ros2_shortcut/install/ros2sc_web/lib'
[1.921s] Level 1:colcon.colcon_core.environment:checking '/home/rokmc/ros2_shortcut/install/ros2sc_web/bin'
[1.921s] Level 1:colcon.colcon_core.environment:checking '/home/rokmc/ros2_shortcut/install/ros2sc_web/lib/pkgconfig/ros2sc_web.pc'
[1.921s] Level 1:colcon.colcon_core.environment:checking '/home/rokmc/ros2_shortcut/install/ros2sc_web/lib/python3.12/site-packages'
[1.921s] Level 1:colcon.colcon_core.shell:create_environment_hook('ros2sc_web', 'pythonpath')
[1.921s] INFO:colcon.colcon_core.shell:Creating environment hook '/home/rokmc/ros2_shortcut/install/ros2sc_web/share/ros2sc_web/hook/pythonpath.ps1'
[1.922s] INFO:colcon.colcon_core.shell:Creating environment descriptor '/home/rokmc/ros2_shortcut/install/ros2sc_web/share/ros2sc_web/hook/pythonpath.dsv'
[1.922s] INFO:colcon.colcon_core.shell:Creating environment hook '/home/rokmc/ros2_shortcut/install/ros2sc_web/share/ros2sc_web/hook/pythonpath.sh'
[1.922s] Level 1:colcon.colcon_core.environment:checking '/home/rokmc/ros2_shortcut/install/ros2sc_web/bin'
[1.922s] Level 1:colcon.colcon_core.environment:create_environment_scripts_only(ros2sc_web)
[1.922s] INFO:colcon.colcon_core.shell:Creating package script '/home/rokmc/ros2_shortcut/install/ros2sc_web/share/ros2sc_web/package.ps1'
[1.923s] INFO:colcon.colcon_core.shell:Creating package descriptor '/home/rokmc/ros2_shortcut/install/ros2sc_web/share/ros2sc_web/package.dsv'
[1.923s] INFO:colcon.colcon_core.shell:Creating package script '/home/rokmc/ros2_shortcut/install/ros2sc_web/share/ros2sc_web/package.sh'
[1.923s] INFO:colcon.colcon_core.shell:Creating package script '/home/rokmc/ros2_shortcut/install/ros2sc_web/share/ros2sc_web/package.bash'
[1.924s] INFO:colcon.colcon_core.shell:Creating package script '/home/rokmc/ros2_shortcut/install/ros2sc_web/share/ros2sc_web/package.zsh'
[1.924s] Level 1:colcon.colcon_core.environment:create_file_with_runtime_dependencies(/home/rokmc/ros2_shortcut/install/ros2sc_web/share/colcon-core/packages/ros2sc_web)
[1.924s] DEBUG:colcon.colcon_parallel_executor.executor.parallel:closing loop
[1.924s] DEBUG:colcon.colcon_parallel_executor.executor.parallel:loop closed
[1.924s] DEBUG:colcon.colcon_parallel_executor.executor.parallel:run_until_complete finished with '0'
[1.924s] DEBUG:colcon.colcon_core.event_reactor:joining thread
[1.930s] INFO:colcon.colcon_core.plugin_system:Skipping extension 'colcon_notification.desktop_notification.terminal_notifier': Not used on non-Darwin systems
[1.930s] INFO:colcon.colcon_core.plugin_system:Skipping extension 'colcon_notification.desktop_notification.win32': Not used on non-Windows systems
[1.930s] INFO:colcon.colcon_notification.desktop_notification:Sending desktop notification using 'notify2'
[1.941s] DEBUG:colcon.colcon_core.event_reactor:joined thread
[1.942s] INFO:colcon.colcon_core.shell:Creating prefix script '/home/rokmc/ros2_shortcut/install/local_setup.ps1'
[1.942s] INFO:colcon.colcon_core.shell:Creating prefix util module '/home/rokmc/ros2_shortcut/install/_local_setup_util_ps1.py'
[1.943s] INFO:colcon.colcon_core.shell:Creating prefix chain script '/home/rokmc/ros2_shortcut/install/setup.ps1'
[1.944s] INFO:colcon.colcon_core.shell:Creating prefix script '/home/rokmc/ros2_shortcut/install/local_setup.sh'
[1.944s] INFO:colcon.colcon_core.shell:Creating prefix util module '/home/rokmc/ros2_shortcut/install/_local_setup_util_sh.py'
[1.945s] INFO:colcon.colcon_core.shell:Creating prefix chain script '/home/rokmc/ros2_shortcut/install/setup.sh'
[1.945s] INFO:colcon.colcon_core.shell:Creating prefix script '/home/rokmc/ros2_shortcut/install/local_setup.bash'
[1.946s] INFO:colcon.colcon_core.shell:Creating prefix chain script '/home/rokmc/ros2_shortcut/install/setup.bash'
[1.947s] INFO:colcon.colcon_core.shell:Creating prefix script '/home/rokmc/ros2_shortcut/install/local_setup.zsh'
[1.947s] INFO:colcon.colcon_core.shell:Creating prefix chain script '/home/rokmc/ros2_shortcut/install/setup.zsh'
